{
  "stats": {
    "suites": 1,
    "tests": 1,
    "passes": 1,
    "pending": 0,
    "failures": 0,
    "start": "2024-01-02T11:28:38.990Z",
    "end": "2024-01-02T11:28:57.020Z",
    "duration": 18030,
    "testsRegistered": 1,
    "passPercent": 100,
    "pendingPercent": 0,
    "other": 0,
    "hasOther": false,
    "skipped": 0,
    "hasSkipped": false
  },
  "results": [
    {
      "uuid": "7399f66f-cd5b-4e9d-8aae-2d9a2b5f3069",
      "title": "",
      "fullFile": "cypress\\e2e\\client.cy.js",
      "file": "cypress\\e2e\\client.cy.js",
      "beforeHooks": [],
      "afterHooks": [],
      "tests": [],
      "suites": [
        {
          "uuid": "7fe7d2cb-642b-4be3-ae01-4d9e896391d9",
          "title": "template spec",
          "fullFile": "",
          "file": "",
          "beforeHooks": [],
          "afterHooks": [],
          "tests": [
            {
              "title": "passes",
              "fullTitle": "template spec passes",
              "timedOut": null,
              "duration": 17873,
              "state": "passed",
              "speed": "slow",
              "pass": true,
              "fail": false,
              "pending": false,
              "context": null,
              "code": "cy.get(_login.default.email).type('sybrant@gmail.com');\ncy.get(_login.default.password).type('Sybrant@123');\ncy.wait(2500);\ncy.get(_login.default.subtitle).click('topRight');\ncy.wait(2500);\ncy.get(_login.default.loginbutton).should('have.text', 'Log In').click();\ncy.get(_user.default.logo).should('be.visible');\ncy.get(_user.default.profile).click();\ncy.get(_user.default.adminmenu).click();\n//client start\ncy.get(_client.default.clienttab).should(\"be.visible\").and(\"contain\", \"Client\").click();\n//click add button\ncy.get(_client.default.clientadd).should(\"be.visible\").and(\"contain\", \"Add\").click();\n//check name validation;\ncy.get(_client.default.name).click();\ncy.get(_client_label.default.client_name).click(\"bottom\");\ncy.get(_client_label_error.default.name_error).should('be.visible').and(\"contain\", \"Name is Required\");\n// check country validation\ncy.get(_client.default.country).click();\ncy.get(_client_label.default.client_country).click(\"bottom\");\ncy.get(_client_label.default.client_country).click(\"bottom\");\ncy.get(_client_label_error.default.country_error).should(\"be.visible\").and(\"contain\", \"Country is Required\");\n//check state valiation\ncy.get(_client.default.state).click();\ncy.get(_client_label.default.client_country).click(\"bottom\");\ncy.get(_client_label.default.client_country).click(\"bottom\");\ncy.wait(2500);\ncy.get(_client_label_error.default.state_error).should(\"be.visible\").and(\"contain\", \"State is Required\");\n// check city validation\ncy.get(_client.default.city).click();\ncy.get(_client_label.default.client_city).click(\"bottom\");\ncy.get(_client_label.default.client_city).click(\"bottom\");\ncy.get(_client_label_error.default.city_error).should(\"be.visible\").and(\"contain\", \"City is Required\");\n//click cancel \ncy.get(_client.default.client_cancel).should(\"be.visible\").and(\"contain\", \"Cancel\").click();",
              "err": {},
              "uuid": "3babf4fc-bfc6-444d-ab30-338e94d931d6",
              "parentUUID": "7fe7d2cb-642b-4be3-ae01-4d9e896391d9",
              "isHook": false,
              "skipped": false
            }
          ],
          "suites": [],
          "passes": [
            "3babf4fc-bfc6-444d-ab30-338e94d931d6"
          ],
          "failures": [],
          "pending": [],
          "skipped": [],
          "duration": 17873,
          "root": false,
          "rootEmpty": false,
          "_timeout": 2000
        }
      ],
      "passes": [],
      "failures": [],
      "pending": [],
      "skipped": [],
      "duration": 0,
      "root": true,
      "rootEmpty": true,
      "_timeout": 2000
    }
  ],
  "meta": {
    "mocha": {
      "version": "7.0.1"
    },
    "mochawesome": {
      "options": {
        "quiet": false,
        "reportFilename": "mochawesome",
        "saveHtml": true,
        "saveJson": true,
        "consoleReporter": "spec",
        "useInlineDiffs": false,
        "code": true
      },
      "version": "7.1.3"
    },
    "marge": {
      "options": {
        "reportDir": "cypress/reports",
        "overwrite": false,
        "html": true,
        "json": true,
        "xlsx": true
      },
      "version": "6.2.0"
    }
  }
}