{
  "stats": {
    "suites": 1,
    "tests": 1,
    "passes": 1,
    "pending": 0,
    "failures": 0,
    "start": "2023-12-29T09:47:40.849Z",
    "end": "2023-12-29T09:47:43.422Z",
    "duration": 2573,
    "testsRegistered": 1,
    "passPercent": 100,
    "pendingPercent": 0,
    "other": 0,
    "hasOther": false,
    "skipped": 0,
    "hasSkipped": false
  },
  "results": [
    {
      "uuid": "49ed803f-720f-47de-ad97-52cfb68a8e24",
      "title": "",
      "fullFile": "cypress\\e2e\\re.cy.js",
      "file": "cypress\\e2e\\re.cy.js",
      "beforeHooks": [],
      "afterHooks": [],
      "tests": [],
      "suites": [
        {
          "uuid": "a4457583-ce56-45e8-8bad-46dba584f11d",
          "title": "template spec",
          "fullFile": "",
          "file": "",
          "beforeHooks": [],
          "afterHooks": [],
          "tests": [
            {
              "title": "passes",
              "fullTitle": "template spec passes",
              "timedOut": null,
              "duration": 533,
              "state": "passed",
              "speed": "fast",
              "pass": true,
              "fail": false,
              "pending": false,
              "context": null,
              "code": "cy.visit('https://example.cypress.io');\nconst jsonData = [{\n  projectname: \"Sybrant\",\n  TestcasID: '1',\n  Testcase_name: \"login\",\n  testscript1: 'correct login',\n  status: \"pass\"\n}\n// ... more data\n];\ncy.writeFile(\"D:/Cypress_new_framwork/AI/cypress/fixtures/j.csv\", jsonData);",
              "err": {},
              "uuid": "b98a7ad9-ca1d-45ef-bce5-6b89276e61f7",
              "parentUUID": "a4457583-ce56-45e8-8bad-46dba584f11d",
              "isHook": false,
              "skipped": false
            }
          ],
          "suites": [],
          "passes": [
            "b98a7ad9-ca1d-45ef-bce5-6b89276e61f7"
          ],
          "failures": [],
          "pending": [],
          "skipped": [],
          "duration": 533,
          "root": false,
          "rootEmpty": false,
          "_timeout": 2000
        }
      ],
      "passes": [],
      "failures": [],
      "pending": [],
      "skipped": [],
      "duration": 0,
      "root": true,
      "rootEmpty": true,
      "_timeout": 2000
    }
  ],
  "meta": {
    "mocha": {
      "version": "7.0.1"
    },
    "mochawesome": {
      "options": {
        "quiet": false,
        "reportFilename": "mochawesome",
        "saveHtml": true,
        "saveJson": true,
        "consoleReporter": "spec",
        "useInlineDiffs": false,
        "code": true
      },
      "version": "7.1.3"
    },
    "marge": {
      "options": {
        "reportDir": "cypress/reports",
        "overwrite": false,
        "html": true,
        "json": true,
        "xlsx": true
      },
      "version": "6.2.0"
    }
  }
}