{
  "stats": {
    "suites": 1,
    "tests": 1,
    "passes": 1,
    "pending": 0,
    "failures": 0,
    "start": "2024-01-02T11:30:52.388Z",
    "end": "2024-01-02T11:30:55.151Z",
    "duration": 2763,
    "testsRegistered": 1,
    "passPercent": 100,
    "pendingPercent": 0,
    "other": 0,
    "hasOther": false,
    "skipped": 0,
    "hasSkipped": false
  },
  "results": [
    {
      "uuid": "94e6e0ba-3f66-4d58-b2e9-b5bf9bb9c914",
      "title": "",
      "fullFile": "cypress\\e2e\\response.cy.js",
      "file": "cypress\\e2e\\response.cy.js",
      "beforeHooks": [],
      "afterHooks": [],
      "tests": [],
      "suites": [
        {
          "uuid": "cdb105e9-9e06-49d3-b793-710ca03a8087",
          "title": "template spec",
          "fullFile": "",
          "file": "",
          "beforeHooks": [],
          "afterHooks": [],
          "tests": [
            {
              "title": "passes",
              "fullTitle": "template spec passes",
              "timedOut": null,
              "duration": 2695,
              "state": "passed",
              "speed": "fast",
              "pass": true,
              "fail": false,
              "pending": false,
              "context": null,
              "code": "cy.visit('');\ndebugger;\nObject.values(di).map((key, i) => {\n  cy.viewport(key.viewportWidth, key.viewportHeight);\n});",
              "err": {},
              "uuid": "e0d00308-e4cc-4b0d-834f-5bf427570f42",
              "parentUUID": "cdb105e9-9e06-49d3-b793-710ca03a8087",
              "isHook": false,
              "skipped": false
            }
          ],
          "suites": [],
          "passes": [
            "e0d00308-e4cc-4b0d-834f-5bf427570f42"
          ],
          "failures": [],
          "pending": [],
          "skipped": [],
          "duration": 2695,
          "root": false,
          "rootEmpty": false,
          "_timeout": 2000
        }
      ],
      "passes": [],
      "failures": [],
      "pending": [],
      "skipped": [],
      "duration": 0,
      "root": true,
      "rootEmpty": true,
      "_timeout": 2000
    }
  ],
  "meta": {
    "mocha": {
      "version": "7.0.1"
    },
    "mochawesome": {
      "options": {
        "quiet": false,
        "reportFilename": "mochawesome",
        "saveHtml": true,
        "saveJson": true,
        "consoleReporter": "spec",
        "useInlineDiffs": false,
        "code": true
      },
      "version": "7.1.3"
    },
    "marge": {
      "options": {
        "reportDir": "cypress/reports",
        "overwrite": false,
        "html": true,
        "json": true,
        "xlsx": true
      },
      "version": "6.2.0"
    }
  }
}