{
  "stats": {
    "suites": 1,
    "tests": 1,
    "passes": 1,
    "pending": 0,
    "failures": 0,
    "start": "2024-01-02T11:30:43.990Z",
    "end": "2024-01-02T11:30:46.586Z",
    "duration": 2596,
    "testsRegistered": 1,
    "passPercent": 100,
    "pendingPercent": 0,
    "other": 0,
    "hasOther": false,
    "skipped": 0,
    "hasSkipped": false
  },
  "results": [
    {
      "uuid": "a92cef4b-ef3e-46c9-816d-a709975ce36a",
      "title": "",
      "fullFile": "cypress\\e2e\\re.cy.js",
      "file": "cypress\\e2e\\re.cy.js",
      "beforeHooks": [],
      "afterHooks": [],
      "tests": [],
      "suites": [
        {
          "uuid": "2e0651f3-8176-40b4-bfff-12729232c9c7",
          "title": "template spec",
          "fullFile": "",
          "file": "",
          "beforeHooks": [],
          "afterHooks": [],
          "tests": [
            {
              "title": "passes",
              "fullTitle": "template spec passes",
              "timedOut": null,
              "duration": 396,
              "state": "passed",
              "speed": "fast",
              "pass": true,
              "fail": false,
              "pending": false,
              "context": null,
              "code": "cy.visit('https://example.cypress.io');\nconst report = [{\n  projectname: \"Sybrant\",\n  TestcasID: '1',\n  Testcase_name: \"login\",\n  testscript1: 'correct login',\n  status: \"pass\"\n}, {\n  TestcasID: '2',\n  Testcase_name: \"without enter email\",\n  status: \"pass\",\n  Actualresult: \"Error message should be visible\",\n  excepeted_result: \"Error message should be visible\"\n}, {\n  TestcasID: '3',\n  Testcase_name: \"without enter password\",\n  status: \"pass\",\n  Actualresult: \"Error message should be visible\",\n  excepeted_result: \"Error message should be visible\"\n}, {\n  TestcasID: '4',\n  Testcase_name: \"click eye icon to visible enter password\",\n  Actualresult: \"click eye icon password should be visible\",\n  excepeted_result: \"click eye icon password should visible\"\n}, {\n  TestcasID: '5',\n  Testcase_name: \"incorrect email\",\n  Actualresult: \"Toaster need to  show Invalid Credential\",\n  excepeted_result: \"Toaster will show Invalid Credential\"\n}, {\n  TestcasID: '6',\n  Testcase_name: \"incorrect password\",\n  Actualresult: \"Toaster need to show Invalid Password\",\n  excepeted_result: \"Toaster will show Invalid Password\"\n}, {\n  TestcasID: '7',\n  Testcase_name: \"User\"\n}, {\n  TestcasID: '8',\n  Testcase_name: 'firstname validation',\n  actualresult: 'firstname error message should be visible',\n  excepeted_result: \"first name error label visibled\"\n}, {\n  TestcasID: '9',\n  Testcase_name: 'lastname validaton',\n  actualresult: 'lastname error message should be visibel',\n  excepeted_result: \"last name error label visibled\"\n}];\ncy.writeFile(\"D:/Cypress_new_framwork/AI/cypress/fixtures/report.csv\", report);",
              "err": {},
              "uuid": "db7763b1-fe51-4242-9ef0-62e8bcba7ef2",
              "parentUUID": "2e0651f3-8176-40b4-bfff-12729232c9c7",
              "isHook": false,
              "skipped": false
            }
          ],
          "suites": [],
          "passes": [
            "db7763b1-fe51-4242-9ef0-62e8bcba7ef2"
          ],
          "failures": [],
          "pending": [],
          "skipped": [],
          "duration": 396,
          "root": false,
          "rootEmpty": false,
          "_timeout": 2000
        }
      ],
      "passes": [],
      "failures": [],
      "pending": [],
      "skipped": [],
      "duration": 0,
      "root": true,
      "rootEmpty": true,
      "_timeout": 2000
    }
  ],
  "meta": {
    "mocha": {
      "version": "7.0.1"
    },
    "mochawesome": {
      "options": {
        "quiet": false,
        "reportFilename": "mochawesome",
        "saveHtml": true,
        "saveJson": true,
        "consoleReporter": "spec",
        "useInlineDiffs": false,
        "code": true
      },
      "version": "7.1.3"
    },
    "marge": {
      "options": {
        "reportDir": "cypress/reports",
        "overwrite": false,
        "html": true,
        "json": true,
        "xlsx": true
      },
      "version": "6.2.0"
    }
  }
}